#
# There is insufficient memory for the Java Runtime Environment to continue.
# Native memory allocation (malloc) failed to allocate 1048576 bytes. Error detail: AllocateHeap
# Possible reasons:
#   The system is out of physical RAM or swap space
#   This process is running with CompressedOops enabled, and the Java Heap may be blocking the growth of the native heap
# Possible solutions:
#   Reduce memory load on the system
#   Increase physical memory or swap space
#   Check if swap backing store is full
#   Decrease Java heap size (-Xmx/-Xms)
#   Decrease number of Java threads
#   Decrease Java thread stack sizes (-Xss)
#   Set larger code cache with -XX:ReservedCodeCacheSize=
#   JVM is running with Unscaled Compressed Oops mode in which the Java heap is
#     placed in the first 4GB address space. The Java Heap base address is the
#     maximum limit for the native heap growth. Please use -XX:HeapBaseMinAddress
#     to set the Java Heap base and to place the Java Heap above 4GB virtual address.
# This output file may be truncated or incomplete.
#
#  Out of Memory Error (allocation.cpp:44), pid=28032, tid=28160
#
# JRE version: OpenJDK Runtime Environment Temurin-21.0.10+7 (21.0.10+7) (build 21.0.10+7-LTS)
# Java VM: OpenJDK 64-Bit Server VM Temurin-21.0.10+7 (21.0.10+7-LTS, mixed mode, sharing, tiered, compressed oops, compressed class ptrs, parallel gc, windows-amd64)
# No core dump will be written. Minidumps are not enabled by default on client versions of Windows
#

---------------  S U M M A R Y ------------

Command Line: --add-modules=ALL-SYSTEM --add-opens=java.base/java.util=ALL-UNNAMED --add-opens=java.base/java.lang=ALL-UNNAMED --add-opens=java.base/sun.nio.fs=ALL-UNNAMED -Declipse.application=org.eclipse.jdt.ls.core.id1 -Dosgi.bundles.defaultStartLevel=4 -Declipse.product=org.eclipse.jdt.ls.core.product -Djava.import.generatesMetadataFilesAtProjectRoot=false -DDetectVMInstallationsJob.disabled=true -Dfile.encoding=utf8 -XX:+UseParallelGC -XX:GCTimeRatio=4 -XX:AdaptiveSizePolicyWeight=90 -Dsun.zip.disableMemoryMapping=true -Xmx2G -Xms100m -Xlog:disable -javaagent:c:\Users\liangk\.cursor\extensions\redhat.java-1.53.0-win32-x64\lombok\lombok-1.18.39-4050.jar -XX:+HeapDumpOnOutOfMemoryError -XX:HeapDumpPath=c:\Users\liangk\AppData\Roaming\Cursor\User\workspaceStorage\f5986065f9fd9d82121a433b4c7fca52\redhat.java -Daether.dependencyCollector.impl=bf c:\Users\liangk\.cursor\extensions\redhat.java-1.53.0-win32-x64\server\plugins\org.eclipse.equinox.launcher_1.7.100.v20251111-0406.jar -configuration c:\Users\liangk\AppData\Roaming\Cursor\User\globalStorage\redhat.java\1.53.0\config_win -data c:\Users\liangk\AppData\Roaming\Cursor\User\workspaceStorage\f5986065f9fd9d82121a433b4c7fca52\redhat.java\jdt_ws --pipe=\\.\pipe\lsp-40a74b4bc342d08e504e7f0c0530e208-sock

Host: Intel(R) Core(TM) i5-10400 CPU @ 2.90GHz, 12 cores, 31G,  Windows 10 , 64 bit Build 19041 (10.0.19041.5915)
Time: Fri Mar 20 07:20:58 2026 elapsed time: 78696.565282 seconds (0d 21h 51m 36s)

---------------  T H R E A D  ---------------

Current thread (0x0000025215d491e0):  JavaThread "Attach Listener" daemon [_thread_in_vm, id=28160, stack(0x000000b99a200000,0x000000b99a300000) (1024K)]

Stack: [0x000000b99a200000,0x000000b99a300000]
Native frames: (J=compiled Java code, j=interpreted, Vv=VM code, C=native code)
V  [jvm.dll+0x6d7a39]
V  [jvm.dll+0x8b4b26]
V  [jvm.dll+0x8b70de]
V  [jvm.dll+0x8b77c3]
V  [jvm.dll+0x284346]
V  [jvm.dll+0xc1277]
V  [jvm.dll+0x6d82e9]
V  [jvm.dll+0x1334a6]
V  [jvm.dll+0x3f857e]
V  [jvm.dll+0x85f59d]
V  [jvm.dll+0x6d626d]
C  [ucrtbase.dll+0x21bb2]
C  [KERNEL32.DLL+0x17374]
C  [ntdll.dll+0x4cc91]


---------------  P R O C E S S  ---------------

Threads class SMR info:
_java_thread_list=0x000002521d3f2e60, length=50, elements={
0x00000251bcda7740, 0x00000251d3e0fa10, 0x0000025215d46710, 0x0000025215d482c0,
0x0000025215d491e0, 0x0000025215d4a100, 0x0000025215d4db80, 0x0000025215d4e9c0,
0x00000251d3e1d320, 0x0000025215f2d6a0, 0x000002521606ea70, 0x00000252177d1d30,
0x00000252177cef40, 0x00000252177d23c0, 0x00000252177d02f0, 0x00000252177cfc60,
0x00000252177d0980, 0x00000252177d1010, 0x000002521c588350, 0x000002521c587630,
0x000002521c58cb80, 0x000002521c58aab0, 0x000002521c58b140, 0x000002521c58d210,
0x000002521c586280, 0x000002521c586910, 0x000002521c586fa0, 0x000002521c587cc0,
0x000002521dabf3a0, 0x000002521dac2820, 0x000002521dabe680, 0x000002521dabcc40,
0x000002521dac1b00, 0x000002521dabd2d0, 0x000002521dac1470, 0x000002521dabdff0,
0x000002521dac2190, 0x000002521dabc5b0, 0x000002521dabfa30, 0x000002521dac0750,
0x000002521e9b9c30, 0x000002521e9bbd00, 0x000002521e9b67b0, 0x000002521e9ba2c0,
0x000002521e9b6e40, 0x000002521e9bafe0, 0x000002521e9b8f10, 0x000002521e9b7b60,
0x000002521dabed10, 0x000002521c589700
}

Java Threads: ( => current thread )
  0x00000251bcda7740 JavaThread "main"                              [_thread_blocked, id=30444, stack(0x000000b999b00000,0x000000b999c00000) (1024K)]
  0x00000251d3e0fa10 JavaThread "Reference Handler"          daemon [_thread_blocked, id=28168, stack(0x000000b999f00000,0x000000b99a000000) (1024K)]
  0x0000025215d46710 JavaThread "Finalizer"                  daemon [_thread_blocked, id=27784, stack(0x000000b99a000000,0x000000b99a100000) (1024K)]
  0x0000025215d482c0 JavaThread "Signal Dispatcher"          daemon [_thread_blocked, id=30456, stack(0x000000b99a100000,0x000000b99a200000) (1024K)]
=>0x0000025215d491e0 JavaThread "Attach Listener"            daemon [_thread_in_vm, id=28160, stack(0x000000b99a200000,0x000000b99a300000) (1024K)]
  0x0000025215d4a100 JavaThread "Service Thread"             daemon [_thread_blocked, id=27812, stack(0x000000b99a300000,0x000000b99a400000) (1024K)]
  0x0000025215d4db80 JavaThread "Monitor Deflation Thread"   daemon [_thread_blocked, id=24332, stack(0x000000b99a400000,0x000000b99a500000) (1024K)]
  0x0000025215d4e9c0 JavaThread "C2 CompilerThread0"         daemon [_thread_blocked, id=24156, stack(0x000000b99a500000,0x000000b99a600000) (1024K)]
  0x00000251d3e1d320 JavaThread "C1 CompilerThread0"         daemon [_thread_blocked, id=30428, stack(0x000000b99a600000,0x000000b99a700000) (1024K)]
  0x0000025215f2d6a0 JavaThread "Common-Cleaner"             daemon [_thread_blocked, id=24188, stack(0x000000b99a700000,0x000000b99a800000) (1024K)]
  0x000002521606ea70 JavaThread "Notification Thread"        daemon [_thread_blocked, id=23788, stack(0x000000b99a800000,0x000000b99a900000) (1024K)]
  0x00000252177d1d30 JavaThread "Active Thread: Equinox Container: d63ef5e7-6e88-493c-a966-51f0fb53c12a"        [_thread_blocked, id=24056, stack(0x000000b99aa00000,0x000000b99ab00000) (1024K)]
  0x00000252177cef40 JavaThread "Refresh Thread: Equinox Container: d63ef5e7-6e88-493c-a966-51f0fb53c12a" daemon [_thread_blocked, id=28740, stack(0x000000b99b100000,0x000000b99b200000) (1024K)]
  0x00000252177d23c0 JavaThread "Framework Event Dispatcher: Equinox Container: d63ef5e7-6e88-493c-a966-51f0fb53c12a" daemon [_thread_blocked, id=27964, stack(0x000000b99b200000,0x000000b99b300000) (1024K)]
  0x00000252177d02f0 JavaThread "Start Level: Equinox Container: d63ef5e7-6e88-493c-a966-51f0fb53c12a" daemon [_thread_blocked, id=28412, stack(0x000000b99b300000,0x000000b99b400000) (1024K)]
  0x00000252177cfc60 JavaThread "Bundle File Closer"         daemon [_thread_blocked, id=29160, stack(0x000000b99b600000,0x000000b99b700000) (1024K)]
  0x00000252177d0980 JavaThread "SCR Component Actor"        daemon [_thread_blocked, id=32396, stack(0x000000b99b700000,0x000000b99b800000) (1024K)]
  0x00000252177d1010 JavaThread "Worker-JM"                         [_thread_blocked, id=32344, stack(0x000000b99b900000,0x000000b99ba00000) (1024K)]
  0x000002521c588350 JavaThread "JNA Cleaner"                daemon [_thread_blocked, id=32216, stack(0x000000b99b800000,0x000000b99b900000) (1024K)]
  0x000002521c587630 JavaThread "Worker-3"                          [_thread_blocked, id=31864, stack(0x000000b99bf00000,0x000000b99c000000) (1024K)]
  0x000002521c58cb80 JavaThread "Java indexing"              daemon [_thread_blocked, id=31792, stack(0x000000b99c000000,0x000000b99c100000) (1024K)]
  0x000002521c58aab0 JavaThread "Thread-1"                   daemon [_thread_in_native, id=26348, stack(0x000000b99c600000,0x000000b99c700000) (1024K)]
  0x000002521c58b140 JavaThread "Thread-2"                   daemon [_thread_in_native, id=26332, stack(0x000000b99c700000,0x000000b99c800000) (1024K)]
  0x000002521c58d210 JavaThread "Thread-3"                   daemon [_thread_in_native, id=26336, stack(0x000000b99c800000,0x000000b99c900000) (1024K)]
  0x000002521c586280 JavaThread "Thread-4"                   daemon [_thread_in_native, id=26324, stack(0x000000b99c900000,0x000000b99ca00000) (1024K)]
  0x000002521c586910 JavaThread "Thread-5"                   daemon [_thread_in_native, id=26308, stack(0x000000b99ca00000,0x000000b99cb00000) (1024K)]
  0x000002521c586fa0 JavaThread "Thread-6"                   daemon [_thread_in_native, id=26312, stack(0x000000b99cb00000,0x000000b99cc00000) (1024K)]
  0x000002521c587cc0 JavaThread "Thread-7"                   daemon [_thread_in_native, id=26228, stack(0x000000b99cc00000,0x000000b99cd00000) (1024K)]
  0x000002521dabf3a0 JavaThread "Thread-8"                   daemon [_thread_in_native, id=26232, stack(0x000000b99cd00000,0x000000b99ce00000) (1024K)]
  0x000002521dac2820 JavaThread "Thread-9"                   daemon [_thread_in_native, id=26396, stack(0x000000b99ce00000,0x000000b99cf00000) (1024K)]
  0x000002521dabe680 JavaThread "Thread-10"                  daemon [_thread_in_native, id=26212, stack(0x000000b99cf00000,0x000000b99d000000) (1024K)]
  0x000002521dabcc40 JavaThread "Thread-11"                  daemon [_thread_in_native, id=26296, stack(0x000000b99d000000,0x000000b99d100000) (1024K)]
  0x000002521dac1b00 JavaThread "Thread-12"                  daemon [_thread_in_native, id=26384, stack(0x000000b99d100000,0x000000b99d200000) (1024K)]
  0x000002521dabd2d0 JavaThread "Thread-13"                  daemon [_thread_in_native, id=26948, stack(0x000000b99d200000,0x000000b99d300000) (1024K)]
  0x000002521dac1470 JavaThread "Timer-0"                           [_thread_blocked, id=26984, stack(0x000000b99d400000,0x000000b99d500000) (1024K)]
  0x000002521dabdff0 JavaThread "pool-2-thread-1"                   [_thread_blocked, id=26236, stack(0x000000b99d500000,0x000000b99d600000) (1024K)]
  0x000002521dac2190 JavaThread "Timer-1"                           [_thread_blocked, id=28536, stack(0x000000b99d600000,0x000000b99d700000) (1024K)]
  0x000002521dabc5b0 JavaThread "WorkspaceEventsHandler"            [_thread_blocked, id=22360, stack(0x000000b99d900000,0x000000b99da00000) (1024K)]
  0x000002521dabfa30 JavaThread "pool-1-thread-1"                   [_thread_blocked, id=1052, stack(0x000000b99da00000,0x000000b99db00000) (1024K)]
  0x000002521dac0750 JavaThread "Timer-2"                           [_thread_blocked, id=24628, stack(0x000000b99dc00000,0x000000b99dd00000) (1024K)]
  0x000002521e9b9c30 JavaThread "Timer-3"                           [_thread_blocked, id=22184, stack(0x000000b99d700000,0x000000b99d800000) (1024K)]
  0x000002521e9bbd00 JavaThread "Timer-4"                           [_thread_blocked, id=20312, stack(0x000000b99dd00000,0x000000b99de00000) (1024K)]
  0x000002521e9b67b0 JavaThread "Timer-5"                           [_thread_blocked, id=14024, stack(0x000000b99df00000,0x000000b99e000000) (1024K)]
  0x000002521e9ba2c0 JavaThread "Timer-6"                           [_thread_blocked, id=30984, stack(0x000000b99e100000,0x000000b99e200000) (1024K)]
  0x000002521e9b6e40 JavaThread "Timer-7"                           [_thread_blocked, id=31008, stack(0x000000b99e200000,0x000000b99e300000) (1024K)]
  0x000002521e9bafe0 JavaThread "Timer-8"                           [_thread_blocked, id=32080, stack(0x000000b99e000000,0x000000b99e100000) (1024K)]
  0x000002521e9b8f10 JavaThread "Timer-9"                           [_thread_blocked, id=20524, stack(0x000000b99e300000,0x000000b99e400000) (1024K)]
  0x000002521e9b7b60 JavaThread "Timer-10"                          [_thread_blocked, id=29800, stack(0x000000b99e600000,0x000000b99e700000) (1024K)]
  0x000002521dabed10 JavaThread "Timer-11"                          [_thread_blocked, id=32532, stack(0x000000b99e700000,0x000000b99e800000) (1024K)]
  0x000002521c589700 JavaThread "Worker-8"                          [_thread_blocked, id=31560, stack(0x000000b999800000,0x000000b999900000) (1024K)]
Total: 50

Other Threads:
  0x00000251d3e035e0 VMThread "VM Thread"                           [id=28320, stack(0x000000b999e00000,0x000000b999f00000) (1024K)]
  0x00000251d3d3d3f0 WatcherThread "VM Periodic Task Thread"        [id=27856, stack(0x000000b999d00000,0x000000b999e00000) (1024K)]
  0x00000251bcdc5b70 WorkerThread "GC Thread#0"                     [id=25720, stack(0x000000b999c00000,0x000000b999d00000) (1024K)]
  0x000002521791eb40 WorkerThread "GC Thread#1"                     [id=25136, stack(0x000000b99ab00000,0x000000b99ac00000) (1024K)]
  0x00000252175942b0 WorkerThread "GC Thread#2"                     [id=24048, stack(0x000000b99ac00000,0x000000b99ad00000) (1024K)]
  0x0000025217594660 WorkerThread "GC Thread#3"                     [id=22820, stack(0x000000b99ad00000,0x000000b99ae00000) (1024K)]
  0x0000025217594a10 WorkerThread "GC Thread#4"                     [id=15268, stack(0x000000b99ae00000,0x000000b99af00000) (1024K)]
  0x00000252174d98d0 WorkerThread "GC Thread#5"                     [id=24148, stack(0x000000b99af00000,0x000000b99b000000) (1024K)]
  0x0000025217596f60 WorkerThread "GC Thread#6"                     [id=22824, stack(0x000000b99b000000,0x000000b99b100000) (1024K)]
  0x00000251d3e1ab30 WorkerThread "GC Thread#7"                     [id=22424, stack(0x000000b99a900000,0x000000b99aa00000) (1024K)]
  0x00000252177a8200 WorkerThread "GC Thread#8"                     [id=29328, stack(0x000000b99b400000,0x000000b99b500000) (1024K)]
  0x00000252177a85b0 WorkerThread "GC Thread#9"                     [id=29332, stack(0x000000b99b500000,0x000000b99b600000) (1024K)]
Total: 12

Threads with active compile tasks:
Total: 0

VM state: not at safepoint (normal execution)

VM Mutex/Monitor currently owned by a thread: None

Heap address: 0x0000000080000000, size: 2048 MB, Compressed Oops mode: 32-bit

CDS archive(s) mapped at: [0x00000251d4000000-0x00000251d4ba0000-0x00000251d4ba0000), size 12189696, SharedBaseAddress: 0x00000251d4000000, ArchiveRelocationMode: 1.
Compressed class space mapped at: 0x00000251d5000000-0x0000025215000000, reserved size: 1073741824
Narrow klass base: 0x00000251d4000000, Narrow klass shift: 0, Narrow klass range: 0x100000000

GC Precious Log:
 CardTable entry size: 512
 CPUs: 12 total, 12 available
 Memory: 32549M
 Large Page Support: Disabled
 NUMA Support: Disabled
 Compressed Oops: Enabled (32-bit)
 Alignments: Space 512K, Generation 512K, Heap 2M
 Heap Min Capacity: 100M
 Heap Initial Capacity: 100M
 Heap Max Capacity: 2G
 Pre-touch: Disabled
 Parallel Workers: 10

Heap:
 PSYoungGen      total 15872K, used 5383K [0x00000000d5580000, 0x00000000d6680000, 0x0000000100000000)
  eden space 15360K, 32% used [0x00000000d5580000,0x00000000d5a71f18,0x00000000d6480000)
  from space 512K, 62% used [0x00000000d6480000,0x00000000d64d0000,0x00000000d6500000)
  to   space 1024K, 0% used [0x00000000d6580000,0x00000000d6580000,0x00000000d6680000)
 ParOldGen       total 68608K, used 44131K [0x0000000080000000, 0x0000000084300000, 0x00000000d5580000)
  object space 68608K, 64% used [0x0000000080000000,0x0000000082b18fe0,0x0000000084300000)
 Metaspace       used 68893K, committed 70272K, reserved 1114112K
  class space    used 8628K, committed 9216K, reserved 1048576K

Card table byte_map: [0x00000251cf160000,0x00000251cf570000] _byte_map_base: 0x00000251ced60000

Marking Bits: (ParMarkBitMap*) 0x00007ffe6d6a3450
 Begin Bits: [0x00000251cf820000, 0x00000251d1820000)
 End Bits:   [0x00000251d1820000, 0x00000251d3820000)

Polling page: 0x00000251bc9b0000

Metaspace:

Usage:
  Non-class:     58.85 MB used.
      Class:      8.43 MB used.
       Both:     67.28 MB used.

Virtual space:
  Non-class space:       64.00 MB reserved,      59.62 MB ( 93%) committed,  1 nodes.
      Class space:        1.00 GB reserved,       9.00 MB ( <1%) committed,  1 nodes.
             Both:        1.06 GB reserved,      68.62 MB (  6%) committed. 

Chunk freelists:
   Non-Class:  4.41 MB
       Class:  6.97 MB
        Both:  11.38 MB

MaxMetaspaceSize: unlimited
CompressedClassSpaceSize: 1.00 GB
Initial GC threshold: 21.00 MB
Current GC threshold: 98.12 MB
CDS: on
 - commit_granule_bytes: 65536.
 - commit_granule_words: 8192.
 - virtual_space_node_default_size: 8388608.
 - enlarge_chunks_in_place: 1.
 - use_allocation_guard: 0.


Internal statistics:

num_allocs_failed_limit: 13.
num_arena_births: 1116.
num_arena_deaths: 14.
num_vsnodes_births: 2.
num_vsnodes_deaths: 0.
num_space_committed: 1098.
num_space_uncommitted: 0.
num_chunks_returned_to_freelist: 27.
num_chunks_taken_from_freelist: 4090.
num_chunk_merges: 14.
num_chunk_splits: 2546.
num_chunks_enlarged: 1476.
num_inconsistent_stats: 0.

CodeHeap 'non-profiled nmethods': size=120000Kb used=5426Kb max_used=5426Kb free=114573Kb
 bounds [0x00000251c7a50000, 0x00000251c7fa0000, 0x00000251cef80000]
CodeHeap 'profiled nmethods': size=120000Kb used=15718Kb max_used=15718Kb free=104281Kb
 bounds [0x00000251bff80000, 0x00000251c0ee0000, 0x00000251c74b0000]
CodeHeap 'non-nmethods': size=5760Kb used=1428Kb max_used=1498Kb free=4331Kb
 bounds [0x00000251c74b0000, 0x00000251c7720000, 0x00000251c7a50000]
CodeCache: size=245760Kb, used=22572Kb, max_used=22642Kb, free=223185Kb
 total_blobs=8596, nmethods=7863, adapters=639, full_count=0
Compilation: enabled, stopped_count=0, restarted_count=0

Compilation events (20 events):
Event: 53429.156 Thread 0x00000251d3e1d320 8712       3       java.util.AbstractCollection::toArray (144 bytes)
Event: 53429.167 Thread 0x00000251d3e1d320 nmethod 8712 0x00000251c0ed4590 code [0x00000251c0ed4880, 0x00000251c0ed59a8]
Event: 56129.262 Thread 0x00000251d3e1d320 8713       3       org.eclipse.core.internal.resources.MarkerAttributeMap::getMap (11 bytes)
Event: 56129.266 Thread 0x00000251d3e1d320 nmethod 8713 0x00000251c0ed5d90 code [0x00000251c0ed5f40, 0x00000251c0ed6180]
Event: 58829.312 Thread 0x00000251d3e1d320 8714       1       org.eclipse.core.internal.jobs.InternalJob::getName (5 bytes)
Event: 58829.312 Thread 0x00000251d3e1d320 nmethod 8714 0x00000251c7f9bf90 code [0x00000251c7f9c120, 0x00000251c7f9c1e8]
Event: 58829.315 Thread 0x00000251d3e1d320 8715       3       org.eclipse.core.internal.resources.MarkerAttributeMap::shareStrings (92 bytes)
Event: 58829.321 Thread 0x00000251d3e1d320 nmethod 8715 0x00000251c0ed6290 code [0x00000251c0ed6520, 0x00000251c0ed73d0]
Event: 64229.476 Thread 0x00000251d3e1d320 8716       3       org.eclipse.core.internal.jobs.JobListeners::queueEvent (15 bytes)
Event: 64229.480 Thread 0x00000251d3e1d320 nmethod 8716 0x00000251c0ed7710 code [0x00000251c0ed78c0, 0x00000251c0ed7aa8]
Event: 64529.478 Thread 0x0000025215d4e9c0 8717       4       org.eclipse.core.internal.jobs.JobManager::now (16 bytes)
Event: 64529.484 Thread 0x0000025215d4e9c0 nmethod 8717 0x00000251c7f9c290 code [0x00000251c7f9c420, 0x00000251c7f9c558]
Event: 68729.538 Thread 0x00000251d3e1d320 8718   !   3       org.eclipse.core.runtime.SafeRunner::run (20 bytes)
Event: 68729.561 Thread 0x00000251d3e1d320 nmethod 8718 0x00000251c0ed7b90 code [0x00000251c0ed7e20, 0x00000251c0ed8878]
Event: 74129.597 Thread 0x00000251d3e1d320 8719       3       org.eclipse.core.internal.resources.MarkerInfo::shareStrings (21 bytes)
Event: 74129.602 Thread 0x00000251d3e1d320 nmethod 8719 0x00000251c0ed8c10 code [0x00000251c0ed8de0, 0x00000251c0ed8fc0]
Event: 76111.084 Thread 0x0000025215d4e9c0 8720       4       jdk.internal.misc.InnocuousThread::eraseThreadLocals (23 bytes)
Event: 76111.085 Thread 0x0000025215d4e9c0 nmethod 8720 0x00000251c7f9c710 code [0x00000251c7f9c8a0, 0x00000251c7f9c930]
Event: 76829.702 Thread 0x00000251d3e1d320 8721  s    3       java.lang.Thread::setName (44 bytes)
Event: 76829.712 Thread 0x00000251d3e1d320 nmethod 8721 0x00000251c0ed9110 code [0x00000251c0ed9320, 0x00000251c0ed9960]

GC Heap History (20 events):
Event: 39.416 GC heap before
{Heap before GC invocations=45 (full 3):
 PSYoungGen      total 16896K, used 16599K [0x00000000d5580000, 0x00000000d6880000, 0x0000000100000000)
  eden space 15872K, 100% used [0x00000000d5580000,0x00000000d6500000,0x00000000d6500000)
  from space 1024K, 71% used [0x00000000d6680000,0x00000000d6735e88,0x00000000d6780000)
  to   space 1024K, 0% used [0x00000000d6780000,0x00000000d6780000,0x00000000d6880000)
 ParOldGen       total 68608K, used 42188K [0x0000000080000000, 0x0000000084300000, 0x00000000d5580000)
  object space 68608K, 61% used [0x0000000080000000,0x0000000082933150,0x0000000084300000)
 Metaspace       used 65571K, committed 66816K, reserved 1114112K
  class space    used 8205K, committed 8704K, reserved 1048576K
}
Event: 39.416 GC heap after
{Heap after GC invocations=45 (full 3):
 PSYoungGen      total 16896K, used 824K [0x00000000d5580000, 0x00000000d6880000, 0x0000000100000000)
  eden space 15872K, 0% used [0x00000000d5580000,0x00000000d5580000,0x00000000d6500000)
  from space 1024K, 80% used [0x00000000d6780000,0x00000000d684e058,0x00000000d6880000)
  to   space 1024K, 0% used [0x00000000d6680000,0x00000000d6680000,0x00000000d6780000)
 ParOldGen       total 68608K, used 42244K [0x0000000080000000, 0x0000000084300000, 0x00000000d5580000)
  object space 68608K, 61% used [0x0000000080000000,0x0000000082941150,0x0000000084300000)
 Metaspace       used 65571K, committed 66816K, reserved 1114112K
  class space    used 8205K, committed 8704K, reserved 1048576K
}
Event: 39.609 GC heap before
{Heap before GC invocations=46 (full 3):
 PSYoungGen      total 16896K, used 16696K [0x00000000d5580000, 0x00000000d6880000, 0x0000000100000000)
  eden space 15872K, 100% used [0x00000000d5580000,0x00000000d6500000,0x00000000d6500000)
  from space 1024K, 80% used [0x00000000d6780000,0x00000000d684e058,0x00000000d6880000)
  to   space 1024K, 0% used [0x00000000d6680000,0x00000000d6680000,0x00000000d6780000)
 ParOldGen       total 68608K, used 42244K [0x0000000080000000, 0x0000000084300000, 0x00000000d5580000)
  object space 68608K, 61% used [0x0000000080000000,0x0000000082941150,0x0000000084300000)
 Metaspace       used 65571K, committed 66816K, reserved 1114112K
  class space    used 8205K, committed 8704K, reserved 1048576K
}
Event: 39.609 GC heap after
{Heap after GC invocations=46 (full 3):
 PSYoungGen      total 16384K, used 397K [0x00000000d5580000, 0x00000000d6800000, 0x0000000100000000)
  eden space 15872K, 0% used [0x00000000d5580000,0x00000000d5580000,0x00000000d6500000)
  from space 512K, 77% used [0x00000000d6680000,0x00000000d66e3420,0x00000000d6700000)
  to   space 1024K, 0% used [0x00000000d6700000,0x00000000d6700000,0x00000000d6800000)
 ParOldGen       total 68608K, used 42316K [0x0000000080000000, 0x0000000084300000, 0x00000000d5580000)
  object space 68608K, 61% used [0x0000000080000000,0x0000000082953160,0x0000000084300000)
 Metaspace       used 65571K, committed 66816K, reserved 1114112K
  class space    used 8205K, committed 8704K, reserved 1048576K
}
Event: 39.771 GC heap before
{Heap before GC invocations=47 (full 3):
 PSYoungGen      total 16384K, used 16269K [0x00000000d5580000, 0x00000000d6800000, 0x0000000100000000)
  eden space 15872K, 100% used [0x00000000d5580000,0x00000000d6500000,0x00000000d6500000)
  from space 512K, 77% used [0x00000000d6680000,0x00000000d66e3420,0x00000000d6700000)
  to   space 1024K, 0% used [0x00000000d6700000,0x00000000d6700000,0x00000000d6800000)
 ParOldGen       total 68608K, used 42316K [0x0000000080000000, 0x0000000084300000, 0x00000000d5580000)
  object space 68608K, 61% used [0x0000000080000000,0x0000000082953160,0x0000000084300000)
 Metaspace       used 65571K, committed 66816K, reserved 1114112K
  class space    used 8205K, committed 8704K, reserved 1048576K
}
Event: 39.772 GC heap after
{Heap after GC invocations=47 (full 3):
 PSYoungGen      total 16896K, used 996K [0x00000000d5580000, 0x00000000d6800000, 0x0000000100000000)
  eden space 15872K, 0% used [0x00000000d5580000,0x00000000d5580000,0x00000000d6500000)
  from space 1024K, 97% used [0x00000000d6700000,0x00000000d67f91e8,0x00000000d6800000)
  to   space 1536K, 0% used [0x00000000d6500000,0x00000000d6500000,0x00000000d6680000)
 ParOldGen       total 68608K, used 42398K [0x0000000080000000, 0x0000000084300000, 0x00000000d5580000)
  object space 68608K, 61% used [0x0000000080000000,0x00000000829679c8,0x0000000084300000)
 Metaspace       used 65571K, committed 66816K, reserved 1114112K
  class space    used 8205K, committed 8704K, reserved 1048576K
}
Event: 39.955 GC heap before
{Heap before GC invocations=48 (full 3):
 PSYoungGen      total 16896K, used 16868K [0x00000000d5580000, 0x00000000d6800000, 0x0000000100000000)
  eden space 15872K, 100% used [0x00000000d5580000,0x00000000d6500000,0x00000000d6500000)
  from space 1024K, 97% used [0x00000000d6700000,0x00000000d67f91e8,0x00000000d6800000)
  to   space 1536K, 0% used [0x00000000d6500000,0x00000000d6500000,0x00000000d6680000)
 ParOldGen       total 68608K, used 42398K [0x0000000080000000, 0x0000000084300000, 0x00000000d5580000)
  object space 68608K, 61% used [0x0000000080000000,0x00000000829679c8,0x0000000084300000)
 Metaspace       used 65571K, committed 66816K, reserved 1114112K
  class space    used 8205K, committed 8704K, reserved 1048576K
}
Event: 39.956 GC heap after
{Heap after GC invocations=48 (full 3):
 PSYoungGen      total 17408K, used 1075K [0x00000000d5580000, 0x00000000d6800000, 0x0000000100000000)
  eden space 15872K, 0% used [0x00000000d5580000,0x00000000d5580000,0x00000000d6500000)
  from space 1536K, 69% used [0x00000000d6500000,0x00000000d660cc20,0x00000000d6680000)
  to   space 1536K, 0% used [0x00000000d6680000,0x00000000d6680000,0x00000000d6800000)
 ParOldGen       total 68608K, used 42478K [0x0000000080000000, 0x0000000084300000, 0x00000000d5580000)
  object space 68608K, 61% used [0x0000000080000000,0x000000008297b9d8,0x0000000084300000)
 Metaspace       used 65571K, committed 66816K, reserved 1114112K
  class space    used 8205K, committed 8704K, reserved 1048576K
}
Event: 40.143 GC heap before
{Heap before GC invocations=49 (full 3):
 PSYoungGen      total 17408K, used 16947K [0x00000000d5580000, 0x00000000d6800000, 0x0000000100000000)
  eden space 15872K, 100% used [0x00000000d5580000,0x00000000d6500000,0x00000000d6500000)
  from space 1536K, 69% used [0x00000000d6500000,0x00000000d660cc20,0x00000000d6680000)
  to   space 1536K, 0% used [0x00000000d6680000,0x00000000d6680000,0x00000000d6800000)
 ParOldGen       total 68608K, used 42478K [0x0000000080000000, 0x0000000084300000, 0x00000000d5580000)
  object space 68608K, 61% used [0x0000000080000000,0x000000008297b9d8,0x0000000084300000)
 Metaspace       used 65571K, committed 66816K, reserved 1114112K
  class space    used 8205K, committed 8704K, reserved 1048576K
}
Event: 40.143 GC heap after
{Heap after GC invocations=49 (full 3):
 PSYoungGen      total 16384K, used 397K [0x00000000d5580000, 0x00000000d6700000, 0x0000000100000000)
  eden space 15872K, 0% used [0x00000000d5580000,0x00000000d5580000,0x00000000d6500000)
  from space 512K, 77% used [0x00000000d6680000,0x00000000d66e3420,0x00000000d6700000)
  to   space 1024K, 0% used [0x00000000d6500000,0x00000000d6500000,0x00000000d6600000)
 ParOldGen       total 68608K, used 42526K [0x0000000080000000, 0x0000000084300000, 0x00000000d5580000)
  object space 68608K, 61% used [0x0000000080000000,0x00000000829879d8,0x0000000084300000)
 Metaspace       used 65571K, committed 66816K, reserved 1114112K
  class space    used 8205K, committed 8704K, reserved 1048576K
}
Event: 40.299 GC heap before
{Heap before GC invocations=50 (full 3):
 PSYoungGen      total 16384K, used 16269K [0x00000000d5580000, 0x00000000d6700000, 0x0000000100000000)
  eden space 15872K, 100% used [0x00000000d5580000,0x00000000d6500000,0x00000000d6500000)
  from space 512K, 77% used [0x00000000d6680000,0x00000000d66e3420,0x00000000d6700000)
  to   space 1024K, 0% used [0x00000000d6500000,0x00000000d6500000,0x00000000d6600000)
 ParOldGen       total 68608K, used 42526K [0x0000000080000000, 0x0000000084300000, 0x00000000d5580000)
  object space 68608K, 61% used [0x0000000080000000,0x00000000829879d8,0x0000000084300000)
 Metaspace       used 65571K, committed 66816K, reserved 1114112K
  class space    used 8205K, committed 8704K, reserved 1048576K
}
Event: 40.299 GC heap after
{Heap after GC invocations=50 (full 3):
 PSYoungGen      total 16896K, used 1021K [0x00000000d5580000, 0x00000000d6800000, 0x0000000100000000)
  eden space 15872K, 0% used [0x00000000d5580000,0x00000000d5580000,0x00000000d6500000)
  from space 1024K, 99% used [0x00000000d6500000,0x00000000d65ff420,0x00000000d6600000)
  to   space 1536K, 0% used [0x00000000d6680000,0x00000000d6680000,0x00000000d6800000)
 ParOldGen       total 68608K, used 42635K [0x0000000080000000, 0x0000000084300000, 0x00000000d5580000)
  object space 68608K, 62% used [0x0000000080000000,0x00000000829a2f50,0x0000000084300000)
 Metaspace       used 65571K, committed 66816K, reserved 1114112K
  class space    used 8205K, committed 8704K, reserved 1048576K
}
Event: 40.721 GC heap before
{Heap before GC invocations=51 (full 3):
 PSYoungGen      total 16896K, used 16893K [0x00000000d5580000, 0x00000000d6800000, 0x0000000100000000)
  eden space 15872K, 100% used [0x00000000d5580000,0x00000000d6500000,0x00000000d6500000)
  from space 1024K, 99% used [0x00000000d6500000,0x00000000d65ff420,0x00000000d6600000)
  to   space 1536K, 0% used [0x00000000d6680000,0x00000000d6680000,0x00000000d6800000)
 ParOldGen       total 68608K, used 42635K [0x0000000080000000, 0x0000000084300000, 0x00000000d5580000)
  object space 68608K, 62% used [0x0000000080000000,0x00000000829a2f50,0x0000000084300000)
 Metaspace       used 66537K, committed 67776K, reserved 1114112K
  class space    used 8357K, committed 8896K, reserved 1048576K
}
Event: 40.721 GC heap after
{Heap after GC invocations=51 (full 3):
 PSYoungGen      total 16384K, used 352K [0x00000000d5580000, 0x00000000d6700000, 0x0000000100000000)
  eden space 15872K, 0% used [0x00000000d5580000,0x00000000d5580000,0x00000000d6500000)
  from space 512K, 68% used [0x00000000d6680000,0x00000000d66d8000,0x00000000d6700000)
  to   space 1024K, 0% used [0x00000000d6500000,0x00000000d6500000,0x00000000d6600000)
 ParOldGen       total 68608K, used 42707K [0x0000000080000000, 0x0000000084300000, 0x00000000d5580000)
  object space 68608K, 62% used [0x0000000080000000,0x00000000829b4f60,0x0000000084300000)
 Metaspace       used 66537K, committed 67776K, reserved 1114112K
  class space    used 8357K, committed 8896K, reserved 1048576K
}
Event: 69.691 GC heap before
{Heap before GC invocations=52 (full 3):
 PSYoungGen      total 16384K, used 16224K [0x00000000d5580000, 0x00000000d6700000, 0x0000000100000000)
  eden space 15872K, 100% used [0x00000000d5580000,0x00000000d6500000,0x00000000d6500000)
  from space 512K, 68% used [0x00000000d6680000,0x00000000d66d8000,0x00000000d6700000)
  to   space 1024K, 0% used [0x00000000d6500000,0x00000000d6500000,0x00000000d6600000)
 ParOldGen       total 68608K, used 42707K [0x0000000080000000, 0x0000000084300000, 0x00000000d5580000)
  object space 68608K, 62% used [0x0000000080000000,0x00000000829b4f60,0x0000000084300000)
 Metaspace       used 67144K, committed 68352K, reserved 1114112K
  class space    used 8434K, committed 8960K, reserved 1048576K
}
Event: 69.693 GC heap after
{Heap after GC invocations=52 (full 3):
 PSYoungGen      total 16896K, used 528K [0x00000000d5580000, 0x00000000d6700000, 0x0000000100000000)
  eden space 15872K, 0% used [0x00000000d5580000,0x00000000d5580000,0x00000000d6500000)
  from space 1024K, 51% used [0x00000000d6500000,0x00000000d6584020,0x00000000d6600000)
  to   space 1024K, 0% used [0x00000000d6600000,0x00000000d6600000,0x00000000d6700000)
 ParOldGen       total 68608K, used 42949K [0x0000000080000000, 0x0000000084300000, 0x00000000d5580000)
  object space 68608K, 62% used [0x0000000080000000,0x00000000829f1430,0x0000000084300000)
 Metaspace       used 67144K, committed 68352K, reserved 1114112K
  class space    used 8434K, committed 8960K, reserved 1048576K
}
Event: 70.171 GC heap before
{Heap before GC invocations=53 (full 3):
 PSYoungGen      total 16896K, used 16400K [0x00000000d5580000, 0x00000000d6700000, 0x0000000100000000)
  eden space 15872K, 100% used [0x00000000d5580000,0x00000000d6500000,0x00000000d6500000)
  from space 1024K, 51% used [0x00000000d6500000,0x00000000d6584020,0x00000000d6600000)
  to   space 1024K, 0% used [0x00000000d6600000,0x00000000d6600000,0x00000000d6700000)
 ParOldGen       total 68608K, used 42949K [0x0000000080000000, 0x0000000084300000, 0x00000000d5580000)
  object space 68608K, 62% used [0x0000000080000000,0x00000000829f1430,0x0000000084300000)
 Metaspace       used 68010K, committed 69376K, reserved 1114112K
  class space    used 8531K, committed 9088K, reserved 1048576K
}
Event: 70.172 GC heap after
{Heap after GC invocations=53 (full 3):
 PSYoungGen      total 16384K, used 1024K [0x00000000d5580000, 0x00000000d6800000, 0x0000000100000000)
  eden space 15360K, 0% used [0x00000000d5580000,0x00000000d5580000,0x00000000d6480000)
  from space 1024K, 100% used [0x00000000d6600000,0x00000000d6700000,0x00000000d6700000)
  to   space 1536K, 0% used [0x00000000d6480000,0x00000000d6480000,0x00000000d6600000)
 ParOldGen       total 68608K, used 43245K [0x0000000080000000, 0x0000000084300000, 0x00000000d5580000)
  object space 68608K, 63% used [0x0000000080000000,0x0000000082a3b440,0x0000000084300000)
 Metaspace       used 68010K, committed 69376K, reserved 1114112K
  class space    used 8531K, committed 9088K, reserved 1048576K
}
Event: 329.787 GC heap before
{Heap before GC invocations=54 (full 3):
 PSYoungGen      total 16384K, used 16384K [0x00000000d5580000, 0x00000000d6800000, 0x0000000100000000)
  eden space 15360K, 100% used [0x00000000d5580000,0x00000000d6480000,0x00000000d6480000)
  from space 1024K, 100% used [0x00000000d6600000,0x00000000d6700000,0x00000000d6700000)
  to   space 1536K, 0% used [0x00000000d6480000,0x00000000d6480000,0x00000000d6600000)
 ParOldGen       total 68608K, used 43245K [0x0000000080000000, 0x0000000084300000, 0x00000000d5580000)
  object space 68608K, 63% used [0x0000000080000000,0x0000000082a3b440,0x0000000084300000)
 Metaspace       used 68617K, committed 70016K, reserved 1114112K
  class space    used 8610K, committed 9216K, reserved 1048576K
}
Event: 329.788 GC heap after
{Heap after GC invocations=54 (full 3):
 PSYoungGen      total 15872K, used 320K [0x00000000d5580000, 0x00000000d6680000, 0x0000000100000000)
  eden space 15360K, 0% used [0x00000000d5580000,0x00000000d5580000,0x00000000d6480000)
  from space 512K, 62% used [0x00000000d6480000,0x00000000d64d0000,0x00000000d6500000)
  to   space 1024K, 0% used [0x00000000d6580000,0x00000000d6580000,0x00000000d6680000)
 ParOldGen       total 68608K, used 44131K [0x0000000080000000, 0x0000000084300000, 0x00000000d5580000)
  object space 68608K, 64% used [0x0000000080000000,0x0000000082b18fe0,0x0000000084300000)
 Metaspace       used 68617K, committed 70016K, reserved 1114112K
  class space    used 8610K, committed 9216K, reserved 1048576K
}

Dll operation events (15 events):
Event: 0.134 Loaded shared library c:\Users\liangk\.cursor\extensions\redhat.java-1.53.0-win32-x64\jre\21.0.10-win32-x86_64\bin\java.dll
Event: 0.219 Loaded shared library c:\Users\liangk\.cursor\extensions\redhat.java-1.53.0-win32-x64\jre\21.0.10-win32-x86_64\bin\zip.dll
Event: 0.361 Loaded shared library C:\Users\liangk\.cursor\extensions\redhat.java-1.53.0-win32-x64\jre\21.0.10-win32-x86_64\bin\instrument.dll
Event: 0.554 Loaded shared library C:\Users\liangk\.cursor\extensions\redhat.java-1.53.0-win32-x64\jre\21.0.10-win32-x86_64\bin\net.dll
Event: 0.598 Loaded shared library C:\Users\liangk\.cursor\extensions\redhat.java-1.53.0-win32-x64\jre\21.0.10-win32-x86_64\bin\nio.dll
Event: 0.604 Loaded shared library C:\Users\liangk\.cursor\extensions\redhat.java-1.53.0-win32-x64\jre\21.0.10-win32-x86_64\bin\zip.dll
Event: 0.649 Loaded shared library C:\Users\liangk\.cursor\extensions\redhat.java-1.53.0-win32-x64\jre\21.0.10-win32-x86_64\bin\jimage.dll
Event: 0.945 Loaded shared library c:\Users\liangk\.cursor\extensions\redhat.java-1.53.0-win32-x64\jre\21.0.10-win32-x86_64\bin\verify.dll
Event: 9.483 Loaded shared library C:\Users\liangk\AppData\Roaming\Cursor\User\globalStorage\redhat.java\1.53.0\config_win\org.eclipse.equinox.launcher\org.eclipse.equinox.launcher.win32.win32.x86_64_1.3.0.v20260203-2149\eclipse_11919.dll
Event: 27.384 Loaded shared library C:\Users\liangk\AppData\Local\Temp\jna--1103050546\jna10078618031945157376.dll
Event: 31.745 Loaded shared library C:\Users\liangk\.cursor\extensions\redhat.java-1.53.0-win32-x64\jre\21.0.10-win32-x86_64\bin\sunmscapi.dll
Event: 31.945 Loaded shared library C:\Users\liangk\.cursor\extensions\redhat.java-1.53.0-win32-x64\jre\21.0.10-win32-x86_64\bin\extnet.dll
Event: 32.744 Loaded shared library D:\android-studio\GradleRepository\native\68d5fa5c4cc2d200863cafc0d521ce42e7d3e7ee720ec0a83991735586a16f82\windows-amd64\native-platform.dll
Event: 34.399 Loaded shared library C:\Users\liangk\.cursor\extensions\redhat.java-1.53.0-win32-x64\jre\21.0.10-win32-x86_64\bin\management.dll
Event: 34.403 Loaded shared library C:\Users\liangk\.cursor\extensions\redhat.java-1.53.0-win32-x64\jre\21.0.10-win32-x86_64\bin\management_ext.dll

Deoptimization events (20 events):
Event: 2772.235 Thread 0x000002521dac2190 DEOPT PACKING pc=0x00000251c0e9c12b sp=0x000000b99d6fef90
Event: 2772.235 Thread 0x000002521dac2190 DEOPT UNPACKING pc=0x00000251c7504242 sp=0x000000b99d6fe478 mode 0
Event: 3467.451 Thread 0x000002521dabed10 DEOPT PACKING pc=0x00000251c0e9c12b sp=0x000000b99e7ff1c0
Event: 3467.453 Thread 0x000002521dabed10 DEOPT UNPACKING pc=0x00000251c7504242 sp=0x000000b99e7fe6a8 mode 0
Event: 39317.249 Thread 0x000002521dabdff0 Uncommon trap: trap_request=0xffffffd6 fr.pc=0x00000251c7f984e8 relative=0x0000000000000328
Event: 39317.250 Thread 0x000002521dabdff0 Uncommon trap: reason=array_check action=maybe_recompile pc=0x00000251c7f984e8 method=java.util.concurrent.ScheduledThreadPoolExecutor$DelayedWorkQueue.offer(Ljava/lang/Runnable;)Z @ 65 c2
Event: 39317.250 Thread 0x000002521dabdff0 DEOPT PACKING pc=0x00000251c7f984e8 sp=0x000000b99d5feea0
Event: 39317.251 Thread 0x000002521dabdff0 DEOPT UNPACKING pc=0x00000251c7503aa2 sp=0x000000b99d5fed40 mode 2
Event: 39327.250 Thread 0x000002521dabdff0 Uncommon trap: trap_request=0xffffffd6 fr.pc=0x00000251c7f984e8 relative=0x0000000000000328
Event: 39327.250 Thread 0x000002521dabdff0 Uncommon trap: reason=array_check action=maybe_recompile pc=0x00000251c7f984e8 method=java.util.concurrent.ScheduledThreadPoolExecutor$DelayedWorkQueue.offer(Ljava/lang/Runnable;)Z @ 65 c2
Event: 39327.250 Thread 0x000002521dabdff0 DEOPT PACKING pc=0x00000251c7f984e8 sp=0x000000b99d5feea0
Event: 39327.252 Thread 0x000002521dabdff0 DEOPT UNPACKING pc=0x00000251c7503aa2 sp=0x000000b99d5fed40 mode 2
Event: 39335.034 Thread 0x00000252177d1d30 Uncommon trap: trap_request=0xffffffd6 fr.pc=0x00000251c7f984e8 relative=0x0000000000000328
Event: 39335.034 Thread 0x00000252177d1d30 Uncommon trap: reason=array_check action=maybe_recompile pc=0x00000251c7f984e8 method=java.util.concurrent.ScheduledThreadPoolExecutor$DelayedWorkQueue.offer(Ljava/lang/Runnable;)Z @ 65 c2
Event: 39335.034 Thread 0x00000252177d1d30 DEOPT PACKING pc=0x00000251c7f984e8 sp=0x000000b99aaff3e0
Event: 39335.035 Thread 0x00000252177d1d30 DEOPT UNPACKING pc=0x00000251c7503aa2 sp=0x000000b99aaff280 mode 2
Event: 39337.251 Thread 0x000002521dabdff0 Uncommon trap: trap_request=0xffffffd6 fr.pc=0x00000251c7f984e8 relative=0x0000000000000328
Event: 39337.251 Thread 0x000002521dabdff0 Uncommon trap: reason=array_check action=maybe_recompile pc=0x00000251c7f984e8 method=java.util.concurrent.ScheduledThreadPoolExecutor$DelayedWorkQueue.offer(Ljava/lang/Runnable;)Z @ 65 c2
Event: 39337.251 Thread 0x000002521dabdff0 DEOPT PACKING pc=0x00000251c7f984e8 sp=0x000000b99d5feea0
Event: 39337.251 Thread 0x000002521dabdff0 DEOPT UNPACKING pc=0x00000251c7503aa2 sp=0x000000b99d5fed40 mode 2

Classes loaded (20 events):
Event: 70.296 Loading class java/util/concurrent/CompletableFuture$UniApply
Event: 70.296 Loading class java/util/concurrent/CompletableFuture$UniCompletion
Event: 70.297 Loading class java/util/concurrent/CompletableFuture$UniCompletion done
Event: 70.297 Loading class java/util/concurrent/CompletableFuture$UniApply done
Event: 70.298 Loading class java/util/concurrent/CompletableFuture$UniAccept
Event: 70.298 Loading class java/util/concurrent/CompletableFuture$UniAccept done
Event: 70.298 Loading class java/util/concurrent/CompletableFuture$UniExceptionally
Event: 70.298 Loading class java/util/concurrent/CompletableFuture$UniExceptionally done
Event: 329.785 Loading class java/util/concurrent/ForkJoinTask$AdaptedCallable
Event: 329.786 Loading class java/util/concurrent/ForkJoinTask$AdaptedCallable done
Event: 329.789 Loading class java/util/stream/Nodes$CollectorTask$OfRef
Event: 329.789 Loading class java/util/stream/Nodes$CollectorTask
Event: 329.789 Loading class java/util/stream/Nodes$CollectorTask done
Event: 329.789 Loading class java/util/stream/Nodes$CollectorTask$OfRef done
Event: 329.789 Loading class java/util/function/LongFunction
Event: 329.789 Loading class java/util/function/LongFunction done
Event: 329.790 Loading class java/util/stream/Nodes$ConcNode
Event: 329.790 Loading class java/util/stream/Nodes$AbstractConcNode
Event: 329.790 Loading class java/util/stream/Nodes$AbstractConcNode done
Event: 329.790 Loading class java/util/stream/Nodes$ConcNode done

Classes unloaded (7 events):
Event: 28.065 Thread 0x00000251d3e035e0 Unloading class 0x00000251d51a4400 'java/lang/invoke/LambdaForm$MH+0x00000251d51a4400'
Event: 28.065 Thread 0x00000251d3e035e0 Unloading class 0x00000251d51a4000 'java/lang/invoke/LambdaForm$MH+0x00000251d51a4000'
Event: 28.065 Thread 0x00000251d3e035e0 Unloading class 0x00000251d51a3c00 'java/lang/invoke/LambdaForm$MH+0x00000251d51a3c00'
Event: 28.065 Thread 0x00000251d3e035e0 Unloading class 0x00000251d51a3800 'java/lang/invoke/LambdaForm$MH+0x00000251d51a3800'
Event: 28.065 Thread 0x00000251d3e035e0 Unloading class 0x00000251d51a3400 'java/lang/invoke/LambdaForm$BMH+0x00000251d51a3400'
Event: 28.065 Thread 0x00000251d3e035e0 Unloading class 0x00000251d51a3000 'java/lang/invoke/LambdaForm$DMH+0x00000251d51a3000'
Event: 28.065 Thread 0x00000251d3e035e0 Unloading class 0x00000251d51a2000 'java/lang/invoke/LambdaForm$DMH+0x00000251d51a2000'

Classes redefined (0 events):
No events

Internal exceptions (20 events):
Event: 69.754 Thread 0x000002521e9ba950 Exception <a 'java/lang/NoSuchMethodError'{0x00000000d5968268}: static Lorg/gradle/tooling/internal/gradle/DefaultProjectIdentifier;.<clinit>()V> (0x00000000d5968268) 
thrown [s\src\hotspot\share\prims\jni.cpp, line 1111]
Event: 69.755 Thread 0x000002521e9ba950 Exception <a 'java/lang/NoSuchMethodError'{0x00000000d59768b0}: static Lorg/gradle/tooling/internal/gradle/DefaultBuildIdentifier;.<clinit>()V> (0x00000000d59768b0) 
thrown [s\src\hotspot\share\prims\jni.cpp, line 1111]
Event: 69.763 Thread 0x000002521e9ba950 Exception <a 'java/lang/NoSuchMethodError'{0x00000000d59b7a10}: static Lorg/gradle/plugins/ide/internal/tooling/model/LaunchableGradleTask;.<clinit>()V> (0x00000000d59b7a10) 
thrown [s\src\hotspot\share\prims\jni.cpp, line 1111]
Event: 69.763 Thread 0x000002521e9ba950 Exception <a 'java/lang/NoSuchMethodError'{0x00000000d59bd850}: static Lorg/gradle/plugins/ide/internal/tooling/model/LaunchableGradleProjectTask;.<clinit>()V> (0x00000000d59bd850) 
thrown [s\src\hotspot\share\prims\jni.cpp, line 1111]
Event: 69.880 Thread 0x000002521dabfa30 Exception <a 'sun/nio/fs/WindowsException'{0x00000000d5c69868}> (0x00000000d5c69868) 
thrown [s\src\hotspot\share\prims\jni.cpp, line 520]
Event: 69.880 Thread 0x000002521dabfa30 Exception <a 'sun/nio/fs/WindowsException'{0x00000000d5c69ec8}> (0x00000000d5c69ec8) 
thrown [s\src\hotspot\share\prims\jni.cpp, line 520]
Event: 69.882 Thread 0x000002521dabfa30 Exception <a 'sun/nio/fs/WindowsException'{0x00000000d5c91c08}> (0x00000000d5c91c08) 
thrown [s\src\hotspot\share\prims\jni.cpp, line 520]
Event: 69.882 Thread 0x000002521dabfa30 Exception <a 'sun/nio/fs/WindowsException'{0x00000000d5c92268}> (0x00000000d5c92268) 
thrown [s\src\hotspot\share\prims\jni.cpp, line 520]
Event: 69.919 Thread 0x000002521dabfa30 Exception <a 'sun/nio/fs/WindowsException'{0x00000000d5e3b990}> (0x00000000d5e3b990) 
thrown [s\src\hotspot\share\prims\jni.cpp, line 520]
Event: 69.919 Thread 0x000002521dabfa30 Exception <a 'sun/nio/fs/WindowsException'{0x00000000d5e3c4a8}> (0x00000000d5e3c4a8) 
thrown [s\src\hotspot\share\prims\jni.cpp, line 520]
Event: 69.921 Thread 0x000002521dabfa30 Exception <a 'sun/nio/fs/WindowsException'{0x00000000d5e4dff0}> (0x00000000d5e4dff0) 
thrown [s\src\hotspot\share\prims\jni.cpp, line 520]
Event: 69.921 Thread 0x000002521dabfa30 Exception <a 'sun/nio/fs/WindowsException'{0x00000000d5e4e900}> (0x00000000d5e4e900) 
thrown [s\src\hotspot\share\prims\jni.cpp, line 520]
Event: 70.137 Thread 0x000002521c587630 Exception <a 'java/lang/NoSuchMethodError'{0x00000000d6492118}: 'java.lang.Object java.lang.invoke.DirectMethodHandle$Holder.invokeStatic(java.lang.Object, java.lang.Object, int, java.lang.Object)'> (0x00000000d6492118) 
thrown [s\src\hotspot\share\interpreter\linkResolver.cpp, line 773]
Event: 70.138 Thread 0x000002521c587630 Exception <a 'java/lang/NoSuchMethodError'{0x00000000d64989c0}: 'java.lang.Object java.lang.invoke.DirectMethodHandle$Holder.newInvokeSpecial(java.lang.Object, java.lang.Object, int)'> (0x00000000d64989c0) 
thrown [s\src\hotspot\share\interpreter\linkResolver.cpp, line 773]
Event: 70.226 Thread 0x000002521c587630 Exception <a 'java/io/FileNotFoundException'{0x00000000d5889bc0}> (0x00000000d5889bc0) 
thrown [s\src\hotspot\share\prims\jni.cpp, line 520]
Event: 70.226 Thread 0x000002521c587630 Exception <a 'java/io/FileNotFoundException'{0x00000000d588ab40}> (0x00000000d588ab40) 
thrown [s\src\hotspot\share\prims\jni.cpp, line 520]
Event: 70.294 Thread 0x000002521dabfa30 Exception <a 'java/lang/IncompatibleClassChangeError'{0x00000000d5a291a0}: Found class java.lang.Object, but interface was expected> (0x00000000d5a291a0) 
thrown [s\src\hotspot\share\interpreter\linkResolver.cpp, line 840]
Event: 70.522 Thread 0x000002521dac0de0 Implicit null exception at 0x00000251c7f3f2a1 to 0x00000251c7f3f404
Event: 329.800 Thread 0x000002521c587630 Implicit null exception at 0x00000251c7be3e09 to 0x00000251c7be4004
Event: 329.813 Thread 0x000002521c587630 Exception <a 'java/lang/NoSuchMethodError'{0x00000000d5679bc8}: 'java.lang.Object java.lang.invoke.DirectMethodHandle$Holder.newInvokeSpecial(java.lang.Object, java.lang.Object, java.lang.Object, java.lang.Object, java.lang.Object, java.lang.Object, java.lang.Object, java.lang.Object)'> (0x00000000d5679bc8) 
thrown [s\src\hotspot\share\interpreter\linkResolver.cpp, line 773]

ZGC Phase Switch (0 events):
No events

VM Operations (20 events):
Event: 78394.282 Executing non-safepoint VM operation: HandshakeAllThreads (HandshakeForDeflation)
Event: 78394.282 Executing non-safepoint VM operation: HandshakeAllThreads (HandshakeForDeflation) done
Event: 78394.282 Executing non-safepoint VM operation: RendezvousGCThreads
Event: 78394.282 Executing non-safepoint VM operation: RendezvousGCThreads done
Event: 78454.397 Executing non-safepoint VM operation: HandshakeAllThreads (HandshakeForDeflation)
Event: 78454.397 Executing non-safepoint VM operation: HandshakeAllThreads (HandshakeForDeflation) done
Event: 78454.397 Executing non-safepoint VM operation: RendezvousGCThreads
Event: 78454.397 Executing non-safepoint VM operation: RendezvousGCThreads done
Event: 78574.636 Executing non-safepoint VM operation: HandshakeAllThreads (HandshakeForDeflation)
Event: 78574.636 Executing non-safepoint VM operation: HandshakeAllThreads (HandshakeForDeflation) done
Event: 78574.636 Executing non-safepoint VM operation: RendezvousGCThreads
Event: 78574.636 Executing non-safepoint VM operation: RendezvousGCThreads done
Event: 78634.758 Executing non-safepoint VM operation: HandshakeAllThreads (HandshakeForDeflation)
Event: 78634.758 Executing non-safepoint VM operation: HandshakeAllThreads (HandshakeForDeflation) done
Event: 78634.758 Executing non-safepoint VM operation: RendezvousGCThreads
Event: 78634.758 Executing non-safepoint VM operation: RendezvousGCThreads done
Event: 78694.874 Executing non-safepoint VM operation: HandshakeAllThreads (HandshakeForDeflation)
Event: 78694.874 Executing non-safepoint VM operation: HandshakeAllThreads (HandshakeForDeflation) done
Event: 78694.874 Executing non-safepoint VM operation: RendezvousGCThreads
Event: 78694.874 Executing non-safepoint VM operation: RendezvousGCThreads done

Memory protections (0 events):
No events

Nmethod flushes (20 events):
Event: 34.768 Thread 0x00000251d3e035e0 flushing  nmethod 0x00000251c0971f10
Event: 34.768 Thread 0x00000251d3e035e0 flushing  nmethod 0x00000251c0978410
Event: 34.768 Thread 0x00000251d3e035e0 flushing  nmethod 0x00000251c0979810
Event: 34.768 Thread 0x00000251d3e035e0 flushing  nmethod 0x00000251c097a010
Event: 34.768 Thread 0x00000251d3e035e0 flushing  nmethod 0x00000251c097a410
Event: 34.768 Thread 0x00000251d3e035e0 flushing  nmethod 0x00000251c097a890
Event: 34.768 Thread 0x00000251d3e035e0 flushing  nmethod 0x00000251c097ae90
Event: 34.768 Thread 0x00000251d3e035e0 flushing  nmethod 0x00000251c097b290
Event: 34.768 Thread 0x00000251d3e035e0 flushing  nmethod 0x00000251c097b890
Event: 34.768 Thread 0x00000251d3e035e0 flushing  nmethod 0x00000251c0998d10
Event: 34.768 Thread 0x00000251d3e035e0 flushing  nmethod 0x00000251c099ae10
Event: 34.768 Thread 0x00000251d3e035e0 flushing  nmethod 0x00000251c099b690
Event: 34.768 Thread 0x00000251d3e035e0 flushing  nmethod 0x00000251c09adf90
Event: 34.768 Thread 0x00000251d3e035e0 flushing  nmethod 0x00000251c09b7490
Event: 34.768 Thread 0x00000251d3e035e0 flushing  nmethod 0x00000251c09b8390
Event: 34.768 Thread 0x00000251d3e035e0 flushing  nmethod 0x00000251c09b8990
Event: 34.768 Thread 0x00000251d3e035e0 flushing  nmethod 0x00000251c09ba090
Event: 34.768 Thread 0x00000251d3e035e0 flushing  nmethod 0x00000251c09c9090
Event: 34.768 Thread 0x00000251d3e035e0 flushing  nmethod 0x00000251c09d0c90
Event: 34.768 Thread 0x00000251d3e035e0 flushing  nmethod 0x00000251c09e5810

Events (20 events):
Event: 95.466 Thread 0x000002521e9bd0b0 Thread exited: 0x000002521e9bd0b0
Event: 95.472 Thread 0x000002521c58b7d0 Thread exited: 0x000002521c58b7d0
Event: 130.411 Thread 0x000002521e9b74d0 Thread exited: 0x000002521e9b74d0
Event: 131.398 Thread 0x000002521c585bf0 Thread exited: 0x000002521c585bf0
Event: 131.398 Thread 0x000002521dabd960 Thread exited: 0x000002521dabd960
Event: 131.398 Thread 0x000002521c589700 Thread exited: 0x000002521c589700
Event: 133.268 Thread 0x000002521c589d90 Thread exited: 0x000002521c589d90
Event: 133.268 Thread 0x000002521c58be60 Thread exited: 0x000002521c58be60
Event: 133.270 Thread 0x000002521c5889e0 Thread exited: 0x000002521c5889e0
Event: 190.412 Thread 0x000002521e9bddd0 Thread exited: 0x000002521e9bddd0
Event: 250.413 Thread 0x000002521e9bca20 Thread exited: 0x000002521e9bca20
Event: 310.413 Thread 0x000002521e9bb670 Thread exited: 0x000002521e9bb670
Event: 327.482 Thread 0x000002521c587630 Thread added: 0x000002521c589700
Event: 327.483 Thread 0x000002521c589070 Thread exited: 0x000002521c589070
Event: 329.786 Thread 0x000002521c587630 Thread added: 0x000002521c58be60
Event: 329.791 Thread 0x000002521c58be60 Thread exited: 0x000002521c58be60
Event: 329.802 Thread 0x000002521c587630 Thread added: 0x000002521c585bf0
Event: 329.803 Thread 0x000002521c585bf0 Thread exited: 0x000002521c585bf0
Event: 329.809 Thread 0x00000251d3e1d320 Thread added: 0x000002522031e210
Event: 334.956 Thread 0x000002522031e210 Thread exited: 0x000002522031e210


Dynamic libraries:
0x00007ff63fce0000 - 0x00007ff63fcee000 	c:\Users\liangk\.cursor\extensions\redhat.java-1.53.0-win32-x64\jre\21.0.10-win32-x86_64\bin\java.exe
0x00007fff20df0000 - 0x00007fff20fe8000 	C:\WINDOWS\SYSTEM32\ntdll.dll
0x00007fff20be0000 - 0x00007fff20ca2000 	C:\WINDOWS\System32\KERNEL32.DLL
0x00007fff1e500000 - 0x00007fff1e7f6000 	C:\WINDOWS\System32\KERNELBASE.dll
0x00007fff1e9d0000 - 0x00007fff1ead0000 	C:\WINDOWS\System32\ucrtbase.dll
0x00007fff0bcd0000 - 0x00007fff0bdd9000 	C:\WINDOWS\SYSTEM32\winhafnt64.dll
0x00007fff1f1b0000 - 0x00007fff1f351000 	C:\WINDOWS\System32\USER32.dll
0x00007fff1e9a0000 - 0x00007fff1e9c2000 	C:\WINDOWS\System32\win32u.dll
0x00007fff1fe10000 - 0x00007fff1fe3b000 	C:\WINDOWS\System32\GDI32.dll
0x00007fff1e880000 - 0x00007fff1e999000 	C:\WINDOWS\System32\gdi32full.dll
0x00007fff1ec10000 - 0x00007fff1ecad000 	C:\WINDOWS\System32\msvcp_win.dll
0x00007fff206e0000 - 0x00007fff20791000 	C:\WINDOWS\System32\ADVAPI32.dll
0x00007fff1fe40000 - 0x00007fff1fede000 	C:\WINDOWS\System32\msvcrt.dll
0x00007fff20cb0000 - 0x00007fff20d4f000 	C:\WINDOWS\System32\sechost.dll
0x00007fff1ef10000 - 0x00007fff1f030000 	C:\WINDOWS\System32\RPCRT4.dll
0x00007fff1e850000 - 0x00007fff1e877000 	C:\WINDOWS\System32\bcrypt.dll
0x00007ffedfbd0000 - 0x00007ffedfbe8000 	c:\Users\liangk\.cursor\extensions\redhat.java-1.53.0-win32-x64\jre\21.0.10-win32-x86_64\bin\jli.dll
0x00007fff16b60000 - 0x00007fff16b6a000 	C:\WINDOWS\SYSTEM32\VERSION.dll
0x00007fff09cf0000 - 0x00007fff09f8b000 	C:\WINDOWS\WinSxS\amd64_microsoft.windows.common-controls_6595b64144ccf1df_6.0.19041.6456_none_60b8a6cb71f64256\COMCTL32.dll
0x00007ffedfed0000 - 0x00007ffedfeee000 	c:\Users\liangk\.cursor\extensions\redhat.java-1.53.0-win32-x64\jre\21.0.10-win32-x86_64\bin\VCRUNTIME140.dll
0x00007fff1ee10000 - 0x00007fff1ee3f000 	C:\WINDOWS\System32\IMM32.DLL
0x00007fff0b360000 - 0x00007fff0ba62000 	C:\WINDOWS\SYSTEM32\winhadnt64.dll
0x00007fff1f0a0000 - 0x00007fff1f0fb000 	C:\WINDOWS\System32\SHLWAPI.dll
0x00007fff1f6a0000 - 0x00007fff1fe10000 	C:\WINDOWS\System32\SHELL32.dll
0x00007fff205b0000 - 0x00007fff206db000 	C:\WINDOWS\System32\ole32.dll
0x00007fff207a0000 - 0x00007fff20af4000 	C:\WINDOWS\System32\combase.dll
0x00007fff1ee40000 - 0x00007fff1ef0d000 	C:\WINDOWS\System32\OLEAUT32.dll
0x00007fff1f370000 - 0x00007fff1f3db000 	C:\WINDOWS\System32\WS2_32.dll
0x00007fff0bde0000 - 0x00007fff0bdfd000 	C:\WINDOWS\SYSTEM32\MPR.dll
0x00007fff0b270000 - 0x00007fff0b297000 	C:\WINDOWS\SYSTEM32\WINMM.dll
0x00007fff1ead0000 - 0x00007fff1eb52000 	C:\WINDOWS\System32\bcryptPrimitives.dll
0x00007fff0ae80000 - 0x00007fff0b0bb000 	C:\WINDOWS\SYSTEM32\dtframe64.dll
0x00007fff0c630000 - 0x00007fff0c662000 	C:\WINDOWS\SYSTEM32\TIjtDrvd64.dll
0x00007fff0bc20000 - 0x00007fff0bcc4000 	C:\WINDOWS\SYSTEM32\winspool.drv
0x00007fff1fee0000 - 0x00007fff1ff8d000 	C:\WINDOWS\System32\shcore.dll
0x00007fff0ac00000 - 0x00007fff0ad27000 	C:\WINDOWS\SYSTEM32\dtsframe64.dll
0x00007fff1db40000 - 0x00007fff1dbaa000 	C:\WINDOWS\SYSTEM32\mswsock.dll
0x00007fff1f360000 - 0x00007fff1f368000 	C:\WINDOWS\System32\psapi.dll
0x00007fff0ab40000 - 0x00007fff0ab4c000 	C:\WINDOWS\SYSTEM32\WinUsb.dll
0x00007fff1ff90000 - 0x00007fff20400000 	C:\WINDOWS\System32\setupapi.dll
0x00007fff1e800000 - 0x00007fff1e84e000 	C:\WINDOWS\System32\cfgmgr32.dll
0x00007fff0aa20000 - 0x00007fff0ab3c000 	C:\WINDOWS\SYSTEM32\TMailHook64.dll
0x00007fff0a7e0000 - 0x00007fff0a9f7000 	C:\WINDOWS\SYSTEM32\winncap364.dll
0x00007ffee82d0000 - 0x00007ffee82dc000 	c:\Users\liangk\.cursor\extensions\redhat.java-1.53.0-win32-x64\jre\21.0.10-win32-x86_64\bin\vcruntime140_1.dll
0x00007ffedd260000 - 0x00007ffedd2ed000 	c:\Users\liangk\.cursor\extensions\redhat.java-1.53.0-win32-x64\jre\21.0.10-win32-x86_64\bin\msvcp140.dll
0x00007ffe6c9e0000 - 0x00007ffe6d781000 	c:\Users\liangk\.cursor\extensions\redhat.java-1.53.0-win32-x64\jre\21.0.10-win32-x86_64\bin\server\jvm.dll
0x00007fff1de10000 - 0x00007fff1de5b000 	C:\WINDOWS\SYSTEM32\POWRPROF.dll
0x00007fff1dde0000 - 0x00007fff1ddf2000 	C:\WINDOWS\SYSTEM32\UMPDC.dll
0x00007fff1cad0000 - 0x00007fff1cae2000 	C:\WINDOWS\SYSTEM32\kernel.appcore.dll
0x00007ffee70d0000 - 0x00007ffee70da000 	c:\Users\liangk\.cursor\extensions\redhat.java-1.53.0-win32-x64\jre\21.0.10-win32-x86_64\bin\jimage.dll
0x00007fff1bfb0000 - 0x00007fff1c1b1000 	C:\WINDOWS\SYSTEM32\DBGHELP.DLL
0x00007ffef5ee0000 - 0x00007ffef5f14000 	C:\WINDOWS\SYSTEM32\dbgcore.DLL
0x00007ffee7040000 - 0x00007ffee704f000 	c:\Users\liangk\.cursor\extensions\redhat.java-1.53.0-win32-x64\jre\21.0.10-win32-x86_64\bin\instrument.dll
0x00007ffedf980000 - 0x00007ffedf9a0000 	c:\Users\liangk\.cursor\extensions\redhat.java-1.53.0-win32-x64\jre\21.0.10-win32-x86_64\bin\java.dll
0x00007fff1c2d0000 - 0x00007fff1ca75000 	C:\WINDOWS\SYSTEM32\windows.storage.dll
0x00007fff1dd60000 - 0x00007fff1dd8b000 	C:\WINDOWS\SYSTEM32\Wldp.dll
0x00007fff1e3b0000 - 0x00007fff1e3d4000 	C:\WINDOWS\SYSTEM32\profapi.dll
0x00007ffedf5a0000 - 0x00007ffedf5b8000 	c:\Users\liangk\.cursor\extensions\redhat.java-1.53.0-win32-x64\jre\21.0.10-win32-x86_64\bin\zip.dll
0x00007ffee4290000 - 0x00007ffee42a0000 	C:\Users\liangk\.cursor\extensions\redhat.java-1.53.0-win32-x64\jre\21.0.10-win32-x86_64\bin\net.dll
0x00007fff18490000 - 0x00007fff1859a000 	C:\WINDOWS\SYSTEM32\WINHTTP.dll
0x00007ffedf960000 - 0x00007ffedf976000 	C:\Users\liangk\.cursor\extensions\redhat.java-1.53.0-win32-x64\jre\21.0.10-win32-x86_64\bin\nio.dll
0x00007ffedf950000 - 0x00007ffedf960000 	c:\Users\liangk\.cursor\extensions\redhat.java-1.53.0-win32-x64\jre\21.0.10-win32-x86_64\bin\verify.dll
0x00007ffedbc10000 - 0x00007ffedbc55000 	C:\Users\liangk\AppData\Roaming\Cursor\User\globalStorage\redhat.java\1.53.0\config_win\org.eclipse.equinox.launcher\org.eclipse.equinox.launcher.win32.win32.x86_64_1.3.0.v20260203-2149\eclipse_11919.dll
0x00007fff1dda0000 - 0x00007fff1ddb8000 	C:\WINDOWS\SYSTEM32\CRYPTSP.dll
0x00007fff1d410000 - 0x00007fff1d448000 	C:\WINDOWS\system32\rsaenh.dll
0x00007fff1e330000 - 0x00007fff1e35e000 	C:\WINDOWS\SYSTEM32\USERENV.dll
0x00007fff1dcd0000 - 0x00007fff1dcdc000 	C:\WINDOWS\SYSTEM32\CRYPTBASE.dll
0x00007fff1d840000 - 0x00007fff1d87b000 	C:\WINDOWS\SYSTEM32\IPHLPAPI.DLL
0x00007fff1f030000 - 0x00007fff1f038000 	C:\WINDOWS\System32\NSI.dll
0x00007ffeda4a0000 - 0x00007ffeda4e9000 	C:\Users\liangk\AppData\Local\Temp\jna--1103050546\jna10078618031945157376.dll
0x00007fff19b00000 - 0x00007fff19b17000 	C:\WINDOWS\SYSTEM32\dhcpcsvc6.DLL
0x00007fff19aa0000 - 0x00007fff19abd000 	C:\WINDOWS\SYSTEM32\dhcpcsvc.DLL
0x00007ffef2320000 - 0x00007ffef232e000 	C:\Users\liangk\.cursor\extensions\redhat.java-1.53.0-win32-x64\jre\21.0.10-win32-x86_64\bin\sunmscapi.dll
0x00007fff1ecb0000 - 0x00007fff1ee0d000 	C:\WINDOWS\System32\CRYPT32.dll
0x00007fff1df20000 - 0x00007fff1df47000 	C:\WINDOWS\SYSTEM32\ncrypt.dll
0x00007fff1dee0000 - 0x00007fff1df1b000 	C:\WINDOWS\SYSTEM32\NTASN1.dll
0x00007fff1d880000 - 0x00007fff1d94a000 	C:\WINDOWS\SYSTEM32\DNSAPI.dll
0x00007fff17480000 - 0x00007fff1748a000 	C:\Windows\System32\rasadhlp.dll
0x00007fff1af10000 - 0x00007fff1af90000 	C:\WINDOWS\System32\fwpuclnt.dll
0x00007ffee9f00000 - 0x00007ffee9f09000 	C:\Users\liangk\.cursor\extensions\redhat.java-1.53.0-win32-x64\jre\21.0.10-win32-x86_64\bin\extnet.dll
0x00007ffedf880000 - 0x00007ffedf8a7000 	D:\android-studio\GradleRepository\native\68d5fa5c4cc2d200863cafc0d521ce42e7d3e7ee720ec0a83991735586a16f82\windows-amd64\native-platform.dll
0x00007ffef5c70000 - 0x00007ffef5c7a000 	C:\Users\liangk\.cursor\extensions\redhat.java-1.53.0-win32-x64\jre\21.0.10-win32-x86_64\bin\management.dll
0x00007ffef5c60000 - 0x00007ffef5c6c000 	C:\Users\liangk\.cursor\extensions\redhat.java-1.53.0-win32-x64\jre\21.0.10-win32-x86_64\bin\management_ext.dll
0x00007fff16a50000 - 0x00007fff16a5c000 	C:\WINDOWS\SYSTEM32\secur32.dll
0x00007fff1e360000 - 0x00007fff1e392000 	C:\WINDOWS\SYSTEM32\SSPICLI.DLL
0x00007fff19a00000 - 0x00007fff19a94000 	C:\WINDOWS\system32\apphelp.dll
0x00007ffedbb40000 - 0x00007ffedbb47000 	C:\WINDOWS\system32\wshunix.dll

JVMTI agents:
c:\Users\liangk\.cursor\extensions\redhat.java-1.53.0-win32-x64\lombok\lombok-1.18.39-4050.jar path:c:\Users\liangk\.cursor\extensions\redhat.java-1.53.0-win32-x64\jre\21.0.10-win32-x86_64\bin\instrument.dll, loaded, initialized, instrumentlib options:none

dbghelp: loaded successfully - version: 4.0.5 - missing functions: none
symbol engine: initialized successfully - sym options: 0x614 - pdb path: .;c:\Users\liangk\.cursor\extensions\redhat.java-1.53.0-win32-x64\jre\21.0.10-win32-x86_64\bin;C:\WINDOWS\SYSTEM32;C:\WINDOWS\WinSxS\amd64_microsoft.windows.common-controls_6595b64144ccf1df_6.0.19041.6456_none_60b8a6cb71f64256;c:\Users\liangk\.cursor\extensions\redhat.java-1.53.0-win32-x64\jre\21.0.10-win32-x86_64\bin\server;C:\Users\liangk\AppData\Roaming\Cursor\User\globalStorage\redhat.java\1.53.0\config_win\org.eclipse.equinox.launcher\org.eclipse.equinox.launcher.win32.win32.x86_64_1.3.0.v20260203-2149;C:\Users\liangk\AppData\Local\Temp\jna--1103050546;D:\android-studio\GradleRepository\native\68d5fa5c4cc2d200863cafc0d521ce42e7d3e7ee720ec0a83991735586a16f82\windows-amd64

VM Arguments:
jvm_args: --add-modules=ALL-SYSTEM --add-opens=java.base/java.util=ALL-UNNAMED --add-opens=java.base/java.lang=ALL-UNNAMED --add-opens=java.base/sun.nio.fs=ALL-UNNAMED -Declipse.application=org.eclipse.jdt.ls.core.id1 -Dosgi.bundles.defaultStartLevel=4 -Declipse.product=org.eclipse.jdt.ls.core.product -Djava.import.generatesMetadataFilesAtProjectRoot=false -DDetectVMInstallationsJob.disabled=true -Dfile.encoding=utf8 -XX:+UseParallelGC -XX:GCTimeRatio=4 -XX:AdaptiveSizePolicyWeight=90 -Dsun.zip.disableMemoryMapping=true -Xmx2G -Xms100m -Xlog:disable -javaagent:c:\Users\liangk\.cursor\extensions\redhat.java-1.53.0-win32-x64\lombok\lombok-1.18.39-4050.jar -XX:+HeapDumpOnOutOfMemoryError -XX:HeapDumpPath=c:\Users\liangk\AppData\Roaming\Cursor\User\workspaceStorage\f5986065f9fd9d82121a433b4c7fca52\redhat.java -Daether.dependencyCollector.impl=bf 
java_command: c:\Users\liangk\.cursor\extensions\redhat.java-1.53.0-win32-x64\server\plugins\org.eclipse.equinox.launcher_1.7.100.v20251111-0406.jar -configuration c:\Users\liangk\AppData\Roaming\Cursor\User\globalStorage\redhat.java\1.53.0\config_win -data c:\Users\liangk\AppData\Roaming\Cursor\User\workspaceStorage\f5986065f9fd9d82121a433b4c7fca52\redhat.java\jdt_ws --pipe=\\.\pipe\lsp-40a74b4bc342d08e504e7f0c0530e208-sock
java_class_path (initial): c:\Users\liangk\.cursor\extensions\redhat.java-1.53.0-win32-x64\server\plugins\org.eclipse.equinox.launcher_1.7.100.v20251111-0406.jar
Launcher Type: SUN_STANDARD

[Global flags]
    uintx AdaptiveSizePolicyWeight                 = 90                                        {product} {command line}
     intx CICompilerCount                          = 4                                         {product} {ergonomic}
    uintx GCTimeRatio                              = 4                                         {product} {command line}
     bool HeapDumpOnOutOfMemoryError               = true                                   {manageable} {command line}
    ccstr HeapDumpPath                             = c:\Users\liangk\AppData\Roaming\Cursor\User\workspaceStorage\f5986065f9fd9d82121a433b4c7fca52\redhat.java         {manageable} {command line}
   size_t InitialHeapSize                          = 104857600                                 {product} {command line}
   size_t MaxHeapSize                              = 2147483648                                {product} {command line}
   size_t MaxNewSize                               = 715653120                                 {product} {ergonomic}
   size_t MinHeapDeltaBytes                        = 524288                                    {product} {ergonomic}
   size_t MinHeapSize                              = 104857600                                 {product} {command line}
   size_t NewSize                                  = 34603008                                  {product} {ergonomic}
    uintx NonNMethodCodeHeapSize                   = 5839372                                {pd product} {ergonomic}
    uintx NonProfiledCodeHeapSize                  = 122909434                              {pd product} {ergonomic}
   size_t OldSize                                  = 70254592                                  {product} {ergonomic}
    uintx ProfiledCodeHeapSize                     = 122909434                              {pd product} {ergonomic}
    uintx ReservedCodeCacheSize                    = 251658240                              {pd product} {ergonomic}
     bool SegmentedCodeCache                       = true                                      {product} {ergonomic}
   size_t SoftMaxHeapSize                          = 2147483648                             {manageable} {ergonomic}
     bool UseCompressedOops                        = true                           {product lp64_product} {ergonomic}
     bool UseLargePagesIndividualAllocation        = false                                  {pd product} {ergonomic}
     bool UseParallelGC                            = true                                      {product} {command line}

Logging:
Log output configuration:
 #0: stdout all=off uptime,level,tags foldmultilines=false
 #1: stderr all=off uptime,level,tags foldmultilines=false

Release file:
JAVA_VERSION="21.0.10" 
MODULES="java.base java.compiler java.datatransfer java.xml java.prefs java.desktop java.instrument java.logging java.management java.security.sasl java.naming java.rmi java.management.rmi java.net.http java.scripting java.security.jgss java.transaction.xa java.sql java.sql.rowset java.xml.crypto java.se java.smartcardio jdk.accessibility jdk.internal.jvmstat jdk.attach jdk.charsets jdk.internal.opt jdk.zipfs jdk.compiler jdk.crypto.ec jdk.crypto.cryptoki jdk.crypto.mscapi jdk.dynalink jdk.internal.ed jdk.editpad jdk.hotspot.agent jdk.httpserver jdk.internal.le jdk.internal.vm.ci jdk.internal.vm.compiler jdk.internal.vm.compiler.management jdk.jartool jdk.javadoc jdk.jcmd jdk.management jdk.management.agent jdk.jconsole jdk.jdeps jdk.jdwp.agent jdk.jdi jdk.jfr jdk.jshell jdk.jsobject jdk.jstatd jdk.localedata jdk.management.jfr jdk.naming.dns jdk.naming.rmi jdk.net jdk.nio.mapmode jdk.random jdk.sctp jdk.security.auth jdk.security.jgss jdk.unsupported jdk.unsupported.desktop jdk.xml.dom" 

Environment Variables:
JAVA_HOME=C:\Program Files (x86)\Java\jdk-1.8
PATH=C:\Program Files (x86)\Common Files\Oracle\Java\java8path;C:\Program Files (x86)\Common Files\Oracle\Java\javapath;C:\Python313\Scripts\;C:\Python313\;c:\Users\liangk\AppData\Local\Programs\cursor\resources\app\bin;C:\Program Files (x86)\Java\jdk-1.8\bin;C:\Program Files\VanDyke Software\Clients\;C:\WINDOWS\system32;C:\WINDOWS;C:\WINDOWS\System32\Wbem;C:\WINDOWS\System32\WindowsPowerShell\v1.0\;C:\WINDOWS\System32\OpenSSH\;D:\ADB\platform-tools;D:\android-studio\Sdk\platform-tools;C:\Program Files\Git\cmd;D:\MATLAB\R2022b\runtime\win64;D:\android-studio\software\gradle-8.10.2\bin;C:\Program Files\dotnet\;D:\Gpg4win\..\GnuPG\bin;D:\android-studio\Sdk\tools;D:\android-studio\Sdk\platform-tools;C:\Users\liangk\AppData\Local\Microsoft\WindowsApps;c:\program files\esafenet\cobra docguard client;c:\Users\liangk\AppData\Local\Programs\cursor\resources\app\bin;E:\Tools\node-v22.14.0\;C:\ProgramData\chocolatey\bin;C:\Users\liangk\.local\bin;C:\Users\liangk\AppData\Local\Microsoft\WindowsApps;c:\program files\esafenet\cobra docguard client;C:\Users\liangk\AppData\Roaming\npm;C:\Users\liangk\AppData\Local\Programs\cursor\resources\app\bin;D:\VSCode\Microsoft VS Code\bin;D:\VSCode\msys2\ucrt64\bin;e:\tools\v3.8s_client742-927 (×îĐÂ)\v3.8s_client\bin
USERNAME=liangk
OS=Windows_NT
PROCESSOR_IDENTIFIER=Intel64 Family 6 Model 165 Stepping 3, GenuineIntel
TMP=C:\Users\liangk\AppData\Local\Temp
TEMP=C:\Users\liangk\AppData\Local\Temp




Periodic native trim disabled

---------------  S Y S T E M  ---------------

OS:
 Windows 10 , 64 bit Build 19041 (10.0.19041.5915)
OS uptime: 1 days 4:11 hours
Hyper-V role detected

CPU: total 12 (initial active 12) (6 cores per cpu, 2 threads per core) family 6 model 165 stepping 3 microcode 0xcc, cx8, cmov, fxsr, ht, mmx, 3dnowpref, sse, sse2, sse3, ssse3, sse4.1, sse4.2, popcnt, lzcnt, tsc, tscinvbit, avx, avx2, aes, erms, clmul, bmi1, bmi2, adx, fma, vzeroupper, clflush, clflushopt, hv, rdtscp, f16c
Processor Information for the first 12 processors :
  Max Mhz: 2904, Current Mhz: 2904, Mhz Limit: 2904

Memory: 4k page, system-wide physical 32549M (2528M free)
TotalPageFile size 58973M (AvailPageFile size 102M)
current process WorkingSet (physical memory assigned to process): 48M, peak: 280M
current process commit charge ("private bytes"): 373M, peak: 383M

vm_info: OpenJDK 64-Bit Server VM (21.0.10+7-LTS) for windows-amd64 JRE (21.0.10+7-LTS), built on 2026-01-20T00:00:00Z by "admin" with MS VC++ 17.12 (VS2022)

END.
